Analysis & Synthesis report for ALU
Sat Feb 10 15:56:19 2024
Quartus Prime Version 18.1.0 Build 625 09/12/2018 SJ Standard Edition


---------------------
; Table of Contents ;
---------------------
  1. Legal Notice
  2. Analysis & Synthesis Summary
  3. Analysis & Synthesis Settings
  4. Parallel Compilation
  5. Analysis & Synthesis Source Files Read
  6. Analysis & Synthesis Resource Usage Summary
  7. Analysis & Synthesis Resource Utilization by Entity
  8. General Register Statistics
  9. Parameter Settings for User Entity Instance: register:RA
 10. Parameter Settings for User Entity Instance: register:RB
 11. Parameter Settings for User Entity Instance: register:RZ
 12. Port Connectivity Checks: "MDR:mdr"
 13. Post-Synthesis Netlist Statistics for Top Partition
 14. Elapsed Time Per Partition
 15. Analysis & Synthesis Messages



----------------
; Legal Notice ;
----------------
Copyright (C) 2018  Intel Corporation. All rights reserved.
Your use of Intel Corporation's design tools, logic functions 
and other software and tools, and its AMPP partner logic 
functions, and any output files from any of the foregoing 
(including device programming or simulation files), and any 
associated documentation or information are expressly subject 
to the terms and conditions of the Intel Program License 
Subscription Agreement, the Intel Quartus Prime License Agreement,
the Intel FPGA IP License Agreement, or other applicable license
agreement, including, without limitation, that your use is for
the sole purpose of programming logic devices manufactured by
Intel and sold by Intel or its authorized distributors.  Please
refer to the applicable agreement for further details.



+-----------------------------------------------------------------------------------+
; Analysis & Synthesis Summary                                                      ;
+---------------------------------+-------------------------------------------------+
; Analysis & Synthesis Status     ; Successful - Sat Feb 10 15:56:19 2024           ;
; Quartus Prime Version           ; 18.1.0 Build 625 09/12/2018 SJ Standard Edition ;
; Revision Name                   ; ALU                                             ;
; Top-level Entity Name           ; datapath                                        ;
; Family                          ; Cyclone V                                       ;
; Logic utilization (in ALMs)     ; N/A                                             ;
; Total registers                 ; 0                                               ;
; Total pins                      ; 74                                              ;
; Total virtual pins              ; 0                                               ;
; Total block memory bits         ; 0                                               ;
; Total DSP Blocks                ; 0                                               ;
; Total HSSI RX PCSs              ; 0                                               ;
; Total HSSI PMA RX Deserializers ; 0                                               ;
; Total HSSI TX PCSs              ; 0                                               ;
; Total HSSI PMA TX Serializers   ; 0                                               ;
; Total PLLs                      ; 0                                               ;
; Total DLLs                      ; 0                                               ;
+---------------------------------+-------------------------------------------------+


+---------------------------------------------------------------------------------------------------------------------------+
; Analysis & Synthesis Settings                                                                                             ;
+---------------------------------------------------------------------------------+--------------------+--------------------+
; Option                                                                          ; Setting            ; Default Value      ;
+---------------------------------------------------------------------------------+--------------------+--------------------+
; Device                                                                          ; 5CEBA4F23C7        ;                    ;
; Top-level entity name                                                           ; datapath           ; ALU                ;
; Family name                                                                     ; Cyclone V          ; Cyclone V          ;
; Use smart compilation                                                           ; Off                ; Off                ;
; Enable parallel Assembler and Timing Analyzer during compilation                ; On                 ; On                 ;
; Enable compact report table                                                     ; Off                ; Off                ;
; Restructure Multiplexers                                                        ; Auto               ; Auto               ;
; MLAB Add Timing Constraints For Mixed-Port Feed-Through Mode Setting Don't Care ; Off                ; Off                ;
; Create Debugging Nodes for IP Cores                                             ; Off                ; Off                ;
; Preserve fewer node names                                                       ; On                 ; On                 ;
; Intel FPGA IP Evaluation Mode                                                   ; Enable             ; Enable             ;
; Verilog Version                                                                 ; Verilog_2001       ; Verilog_2001       ;
; VHDL Version                                                                    ; VHDL_1993          ; VHDL_1993          ;
; State Machine Processing                                                        ; Auto               ; Auto               ;
; Safe State Machine                                                              ; Off                ; Off                ;
; Extract Verilog State Machines                                                  ; On                 ; On                 ;
; Extract VHDL State Machines                                                     ; On                 ; On                 ;
; Ignore Verilog initial constructs                                               ; Off                ; Off                ;
; Iteration limit for constant Verilog loops                                      ; 5000               ; 5000               ;
; Iteration limit for non-constant Verilog loops                                  ; 250                ; 250                ;
; Add Pass-Through Logic to Inferred RAMs                                         ; On                 ; On                 ;
; Infer RAMs from Raw Logic                                                       ; On                 ; On                 ;
; Parallel Synthesis                                                              ; On                 ; On                 ;
; DSP Block Balancing                                                             ; Auto               ; Auto               ;
; NOT Gate Push-Back                                                              ; On                 ; On                 ;
; Power-Up Don't Care                                                             ; On                 ; On                 ;
; Remove Redundant Logic Cells                                                    ; Off                ; Off                ;
; Remove Duplicate Registers                                                      ; On                 ; On                 ;
; Ignore CARRY Buffers                                                            ; Off                ; Off                ;
; Ignore CASCADE Buffers                                                          ; Off                ; Off                ;
; Ignore GLOBAL Buffers                                                           ; Off                ; Off                ;
; Ignore ROW GLOBAL Buffers                                                       ; Off                ; Off                ;
; Ignore LCELL Buffers                                                            ; Off                ; Off                ;
; Ignore SOFT Buffers                                                             ; On                 ; On                 ;
; Limit AHDL Integers to 32 Bits                                                  ; Off                ; Off                ;
; Optimization Technique                                                          ; Balanced           ; Balanced           ;
; Carry Chain Length                                                              ; 70                 ; 70                 ;
; Auto Carry Chains                                                               ; On                 ; On                 ;
; Auto Open-Drain Pins                                                            ; On                 ; On                 ;
; Perform WYSIWYG Primitive Resynthesis                                           ; Off                ; Off                ;
; Auto ROM Replacement                                                            ; On                 ; On                 ;
; Auto RAM Replacement                                                            ; On                 ; On                 ;
; Auto DSP Block Replacement                                                      ; On                 ; On                 ;
; Auto Shift Register Replacement                                                 ; Auto               ; Auto               ;
; Allow Shift Register Merging across Hierarchies                                 ; Auto               ; Auto               ;
; Auto Clock Enable Replacement                                                   ; On                 ; On                 ;
; Strict RAM Replacement                                                          ; Off                ; Off                ;
; Allow Synchronous Control Signals                                               ; On                 ; On                 ;
; Force Use of Synchronous Clear Signals                                          ; Off                ; Off                ;
; Auto Resource Sharing                                                           ; Off                ; Off                ;
; Allow Any RAM Size For Recognition                                              ; Off                ; Off                ;
; Allow Any ROM Size For Recognition                                              ; Off                ; Off                ;
; Allow Any Shift Register Size For Recognition                                   ; Off                ; Off                ;
; Use LogicLock Constraints during Resource Balancing                             ; On                 ; On                 ;
; Ignore translate_off and synthesis_off directives                               ; Off                ; Off                ;
; Timing-Driven Synthesis                                                         ; On                 ; On                 ;
; Report Parameter Settings                                                       ; On                 ; On                 ;
; Report Source Assignments                                                       ; On                 ; On                 ;
; Report Connectivity Checks                                                      ; On                 ; On                 ;
; Ignore Maximum Fan-Out Assignments                                              ; Off                ; Off                ;
; Synchronization Register Chain Length                                           ; 3                  ; 3                  ;
; Power Optimization During Synthesis                                             ; Normal compilation ; Normal compilation ;
; HDL message level                                                               ; Level2             ; Level2             ;
; Suppress Register Optimization Related Messages                                 ; Off                ; Off                ;
; Number of Removed Registers Reported in Synthesis Report                        ; 5000               ; 5000               ;
; Number of Swept Nodes Reported in Synthesis Report                              ; 5000               ; 5000               ;
; Number of Inverted Registers Reported in Synthesis Report                       ; 100                ; 100                ;
; Clock MUX Protection                                                            ; On                 ; On                 ;
; Auto Gated Clock Conversion                                                     ; Off                ; Off                ;
; Block Design Naming                                                             ; Auto               ; Auto               ;
; SDC constraint protection                                                       ; Off                ; Off                ;
; Synthesis Effort                                                                ; Auto               ; Auto               ;
; Shift Register Replacement - Allow Asynchronous Clear Signal                    ; On                 ; On                 ;
; Pre-Mapping Resynthesis Optimization                                            ; Off                ; Off                ;
; Analysis & Synthesis Message Level                                              ; Medium             ; Medium             ;
; Disable Register Merging Across Hierarchies                                     ; Auto               ; Auto               ;
; Resource Aware Inference For Block RAM                                          ; On                 ; On                 ;
; Automatic Parallel Synthesis                                                    ; On                 ; On                 ;
; Partial Reconfiguration Bitstream ID                                            ; Off                ; Off                ;
+---------------------------------------------------------------------------------+--------------------+--------------------+


+------------------------------------------+
; Parallel Compilation                     ;
+----------------------------+-------------+
; Processors                 ; Number      ;
+----------------------------+-------------+
; Number detected on machine ; 8           ;
; Maximum allowed            ; 4           ;
;                            ;             ;
; Average used               ; 1.00        ;
; Maximum used               ; 1           ;
;                            ;             ;
; Usage by Processor         ; % Time Used ;
;     Processor 1            ; 100.0%      ;
+----------------------------+-------------+


+--------------------------------------------------------------------------------------------------------------------------------------------+
; Analysis & Synthesis Source Files Read                                                                                                     ;
+----------------------------------+-----------------+------------------------+----------------------------------------------------+---------+
; File Name with User-Entered Path ; Used in Netlist ; File Type              ; File Name with Absolute Path                       ; Library ;
+----------------------------------+-----------------+------------------------+----------------------------------------------------+---------+
; bus.v                            ; yes             ; User Verilog HDL File  ; C:/Users/20dds5/Desktop/374_CPU_Project/bus.v      ;         ;
; datapath.v                       ; yes             ; User Verilog HDL File  ; C:/Users/20dds5/Desktop/374_CPU_Project/datapath.v ;         ;
; register.v                       ; yes             ; User Verilog HDL File  ; C:/Users/20dds5/Desktop/374_CPU_Project/register.v ;         ;
; adder.v                          ; yes             ; User Verilog HDL File  ; C:/Users/20dds5/Desktop/374_CPU_Project/adder.v    ;         ;
; MDR.v                            ; yes             ; User Verilog HDL File  ; C:/Users/20dds5/Desktop/374_CPU_Project/MDR.v      ;         ;
+----------------------------------+-----------------+------------------------+----------------------------------------------------+---------+


+-----------------------------------------------------+
; Analysis & Synthesis Resource Usage Summary         ;
+---------------------------------------------+-------+
; Resource                                    ; Usage ;
+---------------------------------------------+-------+
; Estimate of Logic utilization (ALMs needed) ; 0     ;
;                                             ;       ;
; Combinational ALUT usage for logic          ; 0     ;
;     -- 7 input functions                    ; 0     ;
;     -- 6 input functions                    ; 0     ;
;     -- 5 input functions                    ; 0     ;
;     -- 4 input functions                    ; 0     ;
;     -- <=3 input functions                  ; 0     ;
;                                             ;       ;
; Dedicated logic registers                   ; 0     ;
;                                             ;       ;
; I/O pins                                    ; 74    ;
;                                             ;       ;
; Total DSP Blocks                            ; 0     ;
;                                             ;       ;
; Maximum fan-out node                        ; clock ;
; Maximum fan-out                             ; 1     ;
; Total fan-out                               ; 74    ;
; Average fan-out                             ; 0.50  ;
+---------------------------------------------+-------+


+----------------------------------------------------------------------------------------------------------------------------------------------------------------------------------------+
; Analysis & Synthesis Resource Utilization by Entity                                                                                                                                    ;
+----------------------------+---------------------+---------------------------+-------------------+------------+------+--------------+---------------------+-------------+--------------+
; Compilation Hierarchy Node ; Combinational ALUTs ; Dedicated Logic Registers ; Block Memory Bits ; DSP Blocks ; Pins ; Virtual Pins ; Full Hierarchy Name ; Entity Name ; Library Name ;
+----------------------------+---------------------+---------------------------+-------------------+------------+------+--------------+---------------------+-------------+--------------+
; |datapath                  ; 0 (0)               ; 0 (0)                     ; 0                 ; 0          ; 74   ; 0            ; |datapath           ; datapath    ; work         ;
+----------------------------+---------------------+---------------------------+-------------------+------------+------+--------------+---------------------+-------------+--------------+
Note: For table entries with two numbers listed, the numbers in parentheses indicate the number of resources of the given type used by the specific entity alone. The numbers listed outside of parentheses indicate the total resources of the given type used by the specific entity and all of its sub-entities in the hierarchy.


+------------------------------------------------------+
; General Register Statistics                          ;
+----------------------------------------------+-------+
; Statistic                                    ; Value ;
+----------------------------------------------+-------+
; Total registers                              ; 0     ;
; Number of registers using Synchronous Clear  ; 0     ;
; Number of registers using Synchronous Load   ; 0     ;
; Number of registers using Asynchronous Clear ; 0     ;
; Number of registers using Asynchronous Load  ; 0     ;
; Number of registers using Clock Enable       ; 0     ;
; Number of registers using Preset             ; 0     ;
+----------------------------------------------+-------+


+---------------------------------------------------------------------+
; Parameter Settings for User Entity Instance: register:RA            ;
+----------------+----------------------------------+-----------------+
; Parameter Name ; Value                            ; Type            ;
+----------------+----------------------------------+-----------------+
; DATA_WIDTH_IN  ; 32                               ; Signed Integer  ;
; DATA_WIDTH_OUT ; 32                               ; Signed Integer  ;
; INIT           ; 00000000000000000000000000000000 ; Unsigned Binary ;
+----------------+----------------------------------+-----------------+
Note: In order to hide this table in the UI and the text report file, please set the "Show Parameter Settings in Synthesis Report" option in "Analysis and Synthesis Settings -> More Settings" to "Off".


+---------------------------------------------------------------------+
; Parameter Settings for User Entity Instance: register:RB            ;
+----------------+----------------------------------+-----------------+
; Parameter Name ; Value                            ; Type            ;
+----------------+----------------------------------+-----------------+
; DATA_WIDTH_IN  ; 32                               ; Signed Integer  ;
; DATA_WIDTH_OUT ; 32                               ; Signed Integer  ;
; INIT           ; 00000000000000000000000000000000 ; Unsigned Binary ;
+----------------+----------------------------------+-----------------+
Note: In order to hide this table in the UI and the text report file, please set the "Show Parameter Settings in Synthesis Report" option in "Analysis and Synthesis Settings -> More Settings" to "Off".


+---------------------------------------------------------------------+
; Parameter Settings for User Entity Instance: register:RZ            ;
+----------------+----------------------------------+-----------------+
; Parameter Name ; Value                            ; Type            ;
+----------------+----------------------------------+-----------------+
; DATA_WIDTH_IN  ; 32                               ; Signed Integer  ;
; DATA_WIDTH_OUT ; 32                               ; Signed Integer  ;
; INIT           ; 00000000000000000000000000000000 ; Unsigned Binary ;
+----------------+----------------------------------+-----------------+
Note: In order to hide this table in the UI and the text report file, please set the "Show Parameter Settings in Synthesis Report" option in "Analysis and Synthesis Settings -> More Settings" to "Off".


+--------------------------------------------------------------------------------------------------------------------------------------------------------------------------------+
; Port Connectivity Checks: "MDR:mdr"                                                                                                                                            ;
+---------+-------+----------+---------------------------------------------------------------------------------------------------------------------------------------------------+
; Port    ; Type  ; Severity ; Details                                                                                                                                           ;
+---------+-------+----------+---------------------------------------------------------------------------------------------------------------------------------------------------+
; Mdatain ; Input ; Warning  ; Input port expression (1 bits) is smaller than the input port (32 bits) it drives.  Extra input bit(s) "Mdatain[31..1]" will be connected to GND. ;
+---------+-------+----------+---------------------------------------------------------------------------------------------------------------------------------------------------+


+-----------------------------------------------------+
; Post-Synthesis Netlist Statistics for Top Partition ;
+-------------------+---------------------------------+
; Type              ; Count                           ;
+-------------------+---------------------------------+
; boundary_port     ; 74                              ;
;                   ;                                 ;
; Max LUT depth     ; 0.00                            ;
; Average LUT depth ; 0.00                            ;
+-------------------+---------------------------------+


+-------------------------------+
; Elapsed Time Per Partition    ;
+----------------+--------------+
; Partition Name ; Elapsed Time ;
+----------------+--------------+
; Top            ; 00:00:00     ;
+----------------+--------------+


+-------------------------------+
; Analysis & Synthesis Messages ;
+-------------------------------+
Info: *******************************************************************
Info: Running Quartus Prime Analysis & Synthesis
    Info: Version 18.1.0 Build 625 09/12/2018 SJ Standard Edition
    Info: Processing started: Sat Feb 10 15:56:08 2024
Info: Command: quartus_map --read_settings_files=on --write_settings_files=off 374_CPU_Project -c ALU
Warning (18236): Number of processors has not been specified which may cause overloading on shared machines.  Set the global assignment NUM_PARALLEL_PROCESSORS in your QSF to an appropriate value for best performance.
Info (20030): Parallel compilation is enabled and will use 4 of the 4 processors detected
Info (12021): Found 1 design units, including 1 entities, in source file bus.v
    Info (12023): Found entity 1: Bus File: C:/Users/20dds5/Desktop/374_CPU_Project/bus.v Line: 1
Info (12021): Found 1 design units, including 1 entities, in source file datapath.v
    Info (12023): Found entity 1: datapath File: C:/Users/20dds5/Desktop/374_CPU_Project/datapath.v Line: 1
Info (12021): Found 1 design units, including 1 entities, in source file register.v
    Info (12023): Found entity 1: register File: C:/Users/20dds5/Desktop/374_CPU_Project/register.v Line: 1
Info (12021): Found 1 design units, including 1 entities, in source file datapath_tb.v
    Info (12023): Found entity 1: datapath_tb File: C:/Users/20dds5/Desktop/374_CPU_Project/datapath_tb.v Line: 2
Info (12021): Found 1 design units, including 1 entities, in source file adder.v
    Info (12023): Found entity 1: adder File: C:/Users/20dds5/Desktop/374_CPU_Project/adder.v Line: 1
Info (12021): Found 1 design units, including 1 entities, in source file mdr.v
    Info (12023): Found entity 1: MDR File: C:/Users/20dds5/Desktop/374_CPU_Project/MDR.v Line: 1
Info (12021): Found 1 design units, including 1 entities, in source file alu.v
    Info (12023): Found entity 1: alu File: C:/Users/20dds5/Desktop/374_CPU_Project/ALU.v Line: 3
Warning (10236): Verilog HDL Implicit Net warning at datapath.v(16): created implicit net for "Mdatain" File: C:/Users/20dds5/Desktop/374_CPU_Project/datapath.v Line: 16
Warning (10236): Verilog HDL Implicit Net warning at datapath.v(16): created implicit net for "read" File: C:/Users/20dds5/Desktop/374_CPU_Project/datapath.v Line: 16
Info (12127): Elaborating entity "datapath" for the top level hierarchy
Info (12128): Elaborating entity "register" for hierarchy "register:RA" File: C:/Users/20dds5/Desktop/374_CPU_Project/datapath.v Line: 14
Info (12128): Elaborating entity "MDR" for hierarchy "MDR:mdr" File: C:/Users/20dds5/Desktop/374_CPU_Project/datapath.v Line: 16
Info (12128): Elaborating entity "adder" for hierarchy "adder:add" File: C:/Users/20dds5/Desktop/374_CPU_Project/datapath.v Line: 19
Info (12128): Elaborating entity "Bus" for hierarchy "Bus:bus" File: C:/Users/20dds5/Desktop/374_CPU_Project/datapath.v Line: 23
Warning (10240): Verilog HDL Always Construct warning at bus.v(17): inferring latch(es) for variable "q", which holds its previous value in one or more paths through the always construct File: C:/Users/20dds5/Desktop/374_CPU_Project/bus.v Line: 17
Info (10041): Inferred latch for "q[0]" at bus.v(20) File: C:/Users/20dds5/Desktop/374_CPU_Project/bus.v Line: 20
Info (10041): Inferred latch for "q[1]" at bus.v(20) File: C:/Users/20dds5/Desktop/374_CPU_Project/bus.v Line: 20
Info (10041): Inferred latch for "q[2]" at bus.v(20) File: C:/Users/20dds5/Desktop/374_CPU_Project/bus.v Line: 20
Info (10041): Inferred latch for "q[3]" at bus.v(20) File: C:/Users/20dds5/Desktop/374_CPU_Project/bus.v Line: 20
Info (10041): Inferred latch for "q[4]" at bus.v(20) File: C:/Users/20dds5/Desktop/374_CPU_Project/bus.v Line: 20
Info (10041): Inferred latch for "q[5]" at bus.v(20) File: C:/Users/20dds5/Desktop/374_CPU_Project/bus.v Line: 20
Info (10041): Inferred latch for "q[6]" at bus.v(20) File: C:/Users/20dds5/Desktop/374_CPU_Project/bus.v Line: 20
Info (10041): Inferred latch for "q[7]" at bus.v(20) File: C:/Users/20dds5/Desktop/374_CPU_Project/bus.v Line: 20
Info (10041): Inferred latch for "q[8]" at bus.v(20) File: C:/Users/20dds5/Desktop/374_CPU_Project/bus.v Line: 20
Info (10041): Inferred latch for "q[9]" at bus.v(20) File: C:/Users/20dds5/Desktop/374_CPU_Project/bus.v Line: 20
Info (10041): Inferred latch for "q[10]" at bus.v(20) File: C:/Users/20dds5/Desktop/374_CPU_Project/bus.v Line: 20
Info (10041): Inferred latch for "q[11]" at bus.v(20) File: C:/Users/20dds5/Desktop/374_CPU_Project/bus.v Line: 20
Info (10041): Inferred latch for "q[12]" at bus.v(20) File: C:/Users/20dds5/Desktop/374_CPU_Project/bus.v Line: 20
Info (10041): Inferred latch for "q[13]" at bus.v(20) File: C:/Users/20dds5/Desktop/374_CPU_Project/bus.v Line: 20
Info (10041): Inferred latch for "q[14]" at bus.v(20) File: C:/Users/20dds5/Desktop/374_CPU_Project/bus.v Line: 20
Info (10041): Inferred latch for "q[15]" at bus.v(20) File: C:/Users/20dds5/Desktop/374_CPU_Project/bus.v Line: 20
Info (10041): Inferred latch for "q[16]" at bus.v(20) File: C:/Users/20dds5/Desktop/374_CPU_Project/bus.v Line: 20
Info (10041): Inferred latch for "q[17]" at bus.v(20) File: C:/Users/20dds5/Desktop/374_CPU_Project/bus.v Line: 20
Info (10041): Inferred latch for "q[18]" at bus.v(20) File: C:/Users/20dds5/Desktop/374_CPU_Project/bus.v Line: 20
Info (10041): Inferred latch for "q[19]" at bus.v(20) File: C:/Users/20dds5/Desktop/374_CPU_Project/bus.v Line: 20
Info (10041): Inferred latch for "q[20]" at bus.v(20) File: C:/Users/20dds5/Desktop/374_CPU_Project/bus.v Line: 20
Info (10041): Inferred latch for "q[21]" at bus.v(20) File: C:/Users/20dds5/Desktop/374_CPU_Project/bus.v Line: 20
Info (10041): Inferred latch for "q[22]" at bus.v(20) File: C:/Users/20dds5/Desktop/374_CPU_Project/bus.v Line: 20
Info (10041): Inferred latch for "q[23]" at bus.v(20) File: C:/Users/20dds5/Desktop/374_CPU_Project/bus.v Line: 20
Info (10041): Inferred latch for "q[24]" at bus.v(20) File: C:/Users/20dds5/Desktop/374_CPU_Project/bus.v Line: 20
Info (10041): Inferred latch for "q[25]" at bus.v(20) File: C:/Users/20dds5/Desktop/374_CPU_Project/bus.v Line: 20
Info (10041): Inferred latch for "q[26]" at bus.v(20) File: C:/Users/20dds5/Desktop/374_CPU_Project/bus.v Line: 20
Info (10041): Inferred latch for "q[27]" at bus.v(20) File: C:/Users/20dds5/Desktop/374_CPU_Project/bus.v Line: 20
Info (10041): Inferred latch for "q[28]" at bus.v(20) File: C:/Users/20dds5/Desktop/374_CPU_Project/bus.v Line: 20
Info (10041): Inferred latch for "q[29]" at bus.v(20) File: C:/Users/20dds5/Desktop/374_CPU_Project/bus.v Line: 20
Info (10041): Inferred latch for "q[30]" at bus.v(20) File: C:/Users/20dds5/Desktop/374_CPU_Project/bus.v Line: 20
Info (10041): Inferred latch for "q[31]" at bus.v(20) File: C:/Users/20dds5/Desktop/374_CPU_Project/bus.v Line: 20
Warning (12241): 1 hierarchies have connectivity warnings - see the Connectivity Checks report folder
Info (16010): Generating hard_block partition "hard_block:auto_generated_inst"
    Info (16011): Adding 0 node(s), including 0 DDIO, 0 PLL, 0 transceiver and 0 LCELL
Warning (21074): Design contains 74 input pin(s) that do not drive logic
    Warning (15610): No output dependent on input pin "clock" File: C:/Users/20dds5/Desktop/374_CPU_Project/datapath.v Line: 2
    Warning (15610): No output dependent on input pin "clear" File: C:/Users/20dds5/Desktop/374_CPU_Project/datapath.v Line: 2
    Warning (15610): No output dependent on input pin "A[0]" File: C:/Users/20dds5/Desktop/374_CPU_Project/datapath.v Line: 3
    Warning (15610): No output dependent on input pin "A[1]" File: C:/Users/20dds5/Desktop/374_CPU_Project/datapath.v Line: 3
    Warning (15610): No output dependent on input pin "A[2]" File: C:/Users/20dds5/Desktop/374_CPU_Project/datapath.v Line: 3
    Warning (15610): No output dependent on input pin "A[3]" File: C:/Users/20dds5/Desktop/374_CPU_Project/datapath.v Line: 3
    Warning (15610): No output dependent on input pin "A[4]" File: C:/Users/20dds5/Desktop/374_CPU_Project/datapath.v Line: 3
    Warning (15610): No output dependent on input pin "A[5]" File: C:/Users/20dds5/Desktop/374_CPU_Project/datapath.v Line: 3
    Warning (15610): No output dependent on input pin "A[6]" File: C:/Users/20dds5/Desktop/374_CPU_Project/datapath.v Line: 3
    Warning (15610): No output dependent on input pin "A[7]" File: C:/Users/20dds5/Desktop/374_CPU_Project/datapath.v Line: 3
    Warning (15610): No output dependent on input pin "A[8]" File: C:/Users/20dds5/Desktop/374_CPU_Project/datapath.v Line: 3
    Warning (15610): No output dependent on input pin "A[9]" File: C:/Users/20dds5/Desktop/374_CPU_Project/datapath.v Line: 3
    Warning (15610): No output dependent on input pin "A[10]" File: C:/Users/20dds5/Desktop/374_CPU_Project/datapath.v Line: 3
    Warning (15610): No output dependent on input pin "A[11]" File: C:/Users/20dds5/Desktop/374_CPU_Project/datapath.v Line: 3
    Warning (15610): No output dependent on input pin "A[12]" File: C:/Users/20dds5/Desktop/374_CPU_Project/datapath.v Line: 3
    Warning (15610): No output dependent on input pin "A[13]" File: C:/Users/20dds5/Desktop/374_CPU_Project/datapath.v Line: 3
    Warning (15610): No output dependent on input pin "A[14]" File: C:/Users/20dds5/Desktop/374_CPU_Project/datapath.v Line: 3
    Warning (15610): No output dependent on input pin "A[15]" File: C:/Users/20dds5/Desktop/374_CPU_Project/datapath.v Line: 3
    Warning (15610): No output dependent on input pin "A[16]" File: C:/Users/20dds5/Desktop/374_CPU_Project/datapath.v Line: 3
    Warning (15610): No output dependent on input pin "A[17]" File: C:/Users/20dds5/Desktop/374_CPU_Project/datapath.v Line: 3
    Warning (15610): No output dependent on input pin "A[18]" File: C:/Users/20dds5/Desktop/374_CPU_Project/datapath.v Line: 3
    Warning (15610): No output dependent on input pin "A[19]" File: C:/Users/20dds5/Desktop/374_CPU_Project/datapath.v Line: 3
    Warning (15610): No output dependent on input pin "A[20]" File: C:/Users/20dds5/Desktop/374_CPU_Project/datapath.v Line: 3
    Warning (15610): No output dependent on input pin "A[21]" File: C:/Users/20dds5/Desktop/374_CPU_Project/datapath.v Line: 3
    Warning (15610): No output dependent on input pin "A[22]" File: C:/Users/20dds5/Desktop/374_CPU_Project/datapath.v Line: 3
    Warning (15610): No output dependent on input pin "A[23]" File: C:/Users/20dds5/Desktop/374_CPU_Project/datapath.v Line: 3
    Warning (15610): No output dependent on input pin "A[24]" File: C:/Users/20dds5/Desktop/374_CPU_Project/datapath.v Line: 3
    Warning (15610): No output dependent on input pin "A[25]" File: C:/Users/20dds5/Desktop/374_CPU_Project/datapath.v Line: 3
    Warning (15610): No output dependent on input pin "A[26]" File: C:/Users/20dds5/Desktop/374_CPU_Project/datapath.v Line: 3
    Warning (15610): No output dependent on input pin "A[27]" File: C:/Users/20dds5/Desktop/374_CPU_Project/datapath.v Line: 3
    Warning (15610): No output dependent on input pin "A[28]" File: C:/Users/20dds5/Desktop/374_CPU_Project/datapath.v Line: 3
    Warning (15610): No output dependent on input pin "A[29]" File: C:/Users/20dds5/Desktop/374_CPU_Project/datapath.v Line: 3
    Warning (15610): No output dependent on input pin "A[30]" File: C:/Users/20dds5/Desktop/374_CPU_Project/datapath.v Line: 3
    Warning (15610): No output dependent on input pin "A[31]" File: C:/Users/20dds5/Desktop/374_CPU_Project/datapath.v Line: 3
    Warning (15610): No output dependent on input pin "RegisterAImmediate[0]" File: C:/Users/20dds5/Desktop/374_CPU_Project/datapath.v Line: 4
    Warning (15610): No output dependent on input pin "RegisterAImmediate[1]" File: C:/Users/20dds5/Desktop/374_CPU_Project/datapath.v Line: 4
    Warning (15610): No output dependent on input pin "RegisterAImmediate[2]" File: C:/Users/20dds5/Desktop/374_CPU_Project/datapath.v Line: 4
    Warning (15610): No output dependent on input pin "RegisterAImmediate[3]" File: C:/Users/20dds5/Desktop/374_CPU_Project/datapath.v Line: 4
    Warning (15610): No output dependent on input pin "RegisterAImmediate[4]" File: C:/Users/20dds5/Desktop/374_CPU_Project/datapath.v Line: 4
    Warning (15610): No output dependent on input pin "RegisterAImmediate[5]" File: C:/Users/20dds5/Desktop/374_CPU_Project/datapath.v Line: 4
    Warning (15610): No output dependent on input pin "RegisterAImmediate[6]" File: C:/Users/20dds5/Desktop/374_CPU_Project/datapath.v Line: 4
    Warning (15610): No output dependent on input pin "RegisterAImmediate[7]" File: C:/Users/20dds5/Desktop/374_CPU_Project/datapath.v Line: 4
    Warning (15610): No output dependent on input pin "RegisterAImmediate[8]" File: C:/Users/20dds5/Desktop/374_CPU_Project/datapath.v Line: 4
    Warning (15610): No output dependent on input pin "RegisterAImmediate[9]" File: C:/Users/20dds5/Desktop/374_CPU_Project/datapath.v Line: 4
    Warning (15610): No output dependent on input pin "RegisterAImmediate[10]" File: C:/Users/20dds5/Desktop/374_CPU_Project/datapath.v Line: 4
    Warning (15610): No output dependent on input pin "RegisterAImmediate[11]" File: C:/Users/20dds5/Desktop/374_CPU_Project/datapath.v Line: 4
    Warning (15610): No output dependent on input pin "RegisterAImmediate[12]" File: C:/Users/20dds5/Desktop/374_CPU_Project/datapath.v Line: 4
    Warning (15610): No output dependent on input pin "RegisterAImmediate[13]" File: C:/Users/20dds5/Desktop/374_CPU_Project/datapath.v Line: 4
    Warning (15610): No output dependent on input pin "RegisterAImmediate[14]" File: C:/Users/20dds5/Desktop/374_CPU_Project/datapath.v Line: 4
    Warning (15610): No output dependent on input pin "RegisterAImmediate[15]" File: C:/Users/20dds5/Desktop/374_CPU_Project/datapath.v Line: 4
    Warning (15610): No output dependent on input pin "RegisterAImmediate[16]" File: C:/Users/20dds5/Desktop/374_CPU_Project/datapath.v Line: 4
    Warning (15610): No output dependent on input pin "RegisterAImmediate[17]" File: C:/Users/20dds5/Desktop/374_CPU_Project/datapath.v Line: 4
    Warning (15610): No output dependent on input pin "RegisterAImmediate[18]" File: C:/Users/20dds5/Desktop/374_CPU_Project/datapath.v Line: 4
    Warning (15610): No output dependent on input pin "RegisterAImmediate[19]" File: C:/Users/20dds5/Desktop/374_CPU_Project/datapath.v Line: 4
    Warning (15610): No output dependent on input pin "RegisterAImmediate[20]" File: C:/Users/20dds5/Desktop/374_CPU_Project/datapath.v Line: 4
    Warning (15610): No output dependent on input pin "RegisterAImmediate[21]" File: C:/Users/20dds5/Desktop/374_CPU_Project/datapath.v Line: 4
    Warning (15610): No output dependent on input pin "RegisterAImmediate[22]" File: C:/Users/20dds5/Desktop/374_CPU_Project/datapath.v Line: 4
    Warning (15610): No output dependent on input pin "RegisterAImmediate[23]" File: C:/Users/20dds5/Desktop/374_CPU_Project/datapath.v Line: 4
    Warning (15610): No output dependent on input pin "RegisterAImmediate[24]" File: C:/Users/20dds5/Desktop/374_CPU_Project/datapath.v Line: 4
    Warning (15610): No output dependent on input pin "RegisterAImmediate[25]" File: C:/Users/20dds5/Desktop/374_CPU_Project/datapath.v Line: 4
    Warning (15610): No output dependent on input pin "RegisterAImmediate[26]" File: C:/Users/20dds5/Desktop/374_CPU_Project/datapath.v Line: 4
    Warning (15610): No output dependent on input pin "RegisterAImmediate[27]" File: C:/Users/20dds5/Desktop/374_CPU_Project/datapath.v Line: 4
    Warning (15610): No output dependent on input pin "RegisterAImmediate[28]" File: C:/Users/20dds5/Desktop/374_CPU_Project/datapath.v Line: 4
    Warning (15610): No output dependent on input pin "RegisterAImmediate[29]" File: C:/Users/20dds5/Desktop/374_CPU_Project/datapath.v Line: 4
    Warning (15610): No output dependent on input pin "RegisterAImmediate[30]" File: C:/Users/20dds5/Desktop/374_CPU_Project/datapath.v Line: 4
    Warning (15610): No output dependent on input pin "RegisterAImmediate[31]" File: C:/Users/20dds5/Desktop/374_CPU_Project/datapath.v Line: 4
    Warning (15610): No output dependent on input pin "RZout" File: C:/Users/20dds5/Desktop/374_CPU_Project/datapath.v Line: 5
    Warning (15610): No output dependent on input pin "RAout" File: C:/Users/20dds5/Desktop/374_CPU_Project/datapath.v Line: 5
    Warning (15610): No output dependent on input pin "RBout" File: C:/Users/20dds5/Desktop/374_CPU_Project/datapath.v Line: 5
    Warning (15610): No output dependent on input pin "MDRout" File: C:/Users/20dds5/Desktop/374_CPU_Project/datapath.v Line: 5
    Warning (15610): No output dependent on input pin "RAin" File: C:/Users/20dds5/Desktop/374_CPU_Project/datapath.v Line: 6
    Warning (15610): No output dependent on input pin "RBin" File: C:/Users/20dds5/Desktop/374_CPU_Project/datapath.v Line: 6
    Warning (15610): No output dependent on input pin "RZin" File: C:/Users/20dds5/Desktop/374_CPU_Project/datapath.v Line: 6
    Warning (15610): No output dependent on input pin "MDRin" File: C:/Users/20dds5/Desktop/374_CPU_Project/datapath.v Line: 7
Info (21057): Implemented 74 device resources after synthesis - the final resource count might be different
    Info (21058): Implemented 74 input pins
    Info (21059): Implemented 0 output pins
Info: Quartus Prime Analysis & Synthesis was successful. 0 errors, 80 warnings
    Info: Peak virtual memory: 4809 megabytes
    Info: Processing ended: Sat Feb 10 15:56:19 2024
    Info: Elapsed time: 00:00:11
    Info: Total CPU time (on all processors): 00:00:10


